Arguments: 
  C:\Program Files\nodejs\node.exe C:\Users\tqshe\AppData\Roaming\npm\node_modules\yarn\bin\yarn.js add xmldom

PATH: 
  C:\Program Files\ConEmu\ConEmu\Scripts;C:\Program Files (x86)\NVIDIA Corporation\PhysX\Common;C:\ProgramData\Oracle\Java\javapath;C:\Program Files (x86)\Common Files\Intel\Shared Libraries\redist\intel64\compiler;C:\WINDOWS\system32;C:\WINDOWS;C:\WINDOWS\System32\Wbem;C:\WINDOWS\System32\WindowsPowerShell\v1.0\;C:\ProgramData\chocolatey\bin;C:\Program Files\nodejs\;C:\Program Files\Git\cmd;C:\Program Files\Git\mingw64\bin;C:\Program Files\Git\bin;C:\ProgramData\Miniconda3\Scripts;C:\Program Files (x86)\Gow\bin;C:\Program Files\R\R-3.4.3\bin\x64;C:\Program Files\Java\jdk-9.0.1\bin;C:\Program Files (x86)\Windows Kits\8.1\Windows Performance Toolkit\;C:\Program Files\Amazon\AWSCLI\;C:\WINDOWS\System32\OpenSSH\;C:\Users\tqshe\.windows-build-tools\python27\;C:\Program Files\nodejs\node_modules\npm\bin\node-gyp-bin;C:\Users\tqshe\AppData\Roaming\npm\node_modules\windows-build-tools\node_modules\.bin;C:\Users\tqshe\AppData\Roaming\npm\node_modules\.bin;C:\Program Files\ConEmu\ConEmu\Scripts;C:\Program Files\ConEmu;C:\Program Files\ConEmu\ConEmu;C:\ProgramData\Oracle\Java\javapath;C:\Program Files (x86)\Common Files\Intel\Shared Libraries\redist\intel64\compiler;C:\WINDOWS\system32;C:\WINDOWS;C:\WINDOWS\System32\Wbem;C:\WINDOWS\System32\WindowsPowerShell\v1.0\;C:\ProgramData\chocolatey\bin;C:\Program Files\nodejs\;C:\Program Files\Git\cmd;C:\Program Files\Git\mingw64\bin;C:\Program Files\Git\bin;C:\ProgramData\Miniconda3\Scripts;C:\Program Files (x86)\Gow\bin;C:\Program Files\R\R-3.4.3\bin\x64;C:\Program Files\Java\jdk-9.0.1\bin;C:\Program Files (x86)\Windows Kits\8.1\Windows Performance Toolkit\;C:\Users\tqshe\AppData\Local\Microsoft\WindowsApps;C:\Users\tqshe\AppData\Roaming\npm;C:\Program Files\Microsoft VS Code Insiders\bin;C:\Users\tqshe\bin;;%USERPROFILE%\AppData\Local\Microsoft\WindowsApps

Yarn version: 
  1.3.2

Node version: 
  9.2.0

Platform: 
  win32 x64

npm manifest: 
  {
    "dependencies": {
      "animate.css": "^3.6.1",
      "fuse.js": "^3.2.0",
      "gitment": "0.0.3",
      "headroom.js": "^0.9.4",
      "image-size": "^0.6.2",
      "js-cookie": "^2.2.0",
      "jshashes": "^1.0.7",
      "lg-zoom": "^1.1.0",
      "loadjs": "^3.5.4",
      "noty": "^3.2.0-beta",
      "swiper": "^4.2.6",
      "sync-request": "^6.0.0",
      "tippy.js": "^2.5.0"
    }
  }

yarn manifest: 
  No manifest

Lockfile: 
  # THIS IS AN AUTOGENERATED FILE. DO NOT EDIT THIS FILE DIRECTLY.
  # yarn lockfile v1
  
  
  "@types/concat-stream@^1.6.0":
    version "1.6.0"
    resolved "https://registry.yarnpkg.com/@types/concat-stream/-/concat-stream-1.6.0.tgz#394dbe0bb5fee46b38d896735e8b68ef2390d00d"
    dependencies:
      "@types/node" "*"
  
  "@types/form-data@0.0.33":
    version "0.0.33"
    resolved "https://registry.yarnpkg.com/@types/form-data/-/form-data-0.0.33.tgz#c9ac85b2a5fd18435b8c85d9ecb50e6d6c893ff8"
    dependencies:
      "@types/node" "*"
  
  "@types/node@*":
    version "10.1.2"
    resolved "https://registry.yarnpkg.com/@types/node/-/node-10.1.2.tgz#1b928a0baa408fc8ae3ac012cc81375addc147c6"
  
  "@types/node@^8.0.0":
    version "8.10.17"
    resolved "https://registry.yarnpkg.com/@types/node/-/node-8.10.17.tgz#d48cf10f0dc6dcf59f827f5a3fc7a4a6004318d3"
  
  "@types/node@^9.3.0", "@types/node@^9.4.1":
    version "9.6.18"
    resolved "https://registry.yarnpkg.com/@types/node/-/node-9.6.18.tgz#092e13ef64c47e986802c9c45a61c1454813b31d"
  
  "@types/qs@^6.2.31":
    version "6.5.1"
    resolved "https://registry.yarnpkg.com/@types/qs/-/qs-6.5.1.tgz#a38f69c62528d56ba7bd1f91335a8004988d72f7"
  
  animate.css@^3.6.1:
    version "3.6.1"
    resolved "https://registry.yarnpkg.com/animate.css/-/animate.css-3.6.1.tgz#4ea8a48556378bc8d7535224296c4c0dac9229de"
  
  asap@~2.0.3:
    version "2.0.6"
    resolved "https://registry.yarnpkg.com/asap/-/asap-2.0.6.tgz#e50347611d7e690943208bbdafebcbc2fb866d46"
  
  asynckit@^0.4.0:
    version "0.4.0"
    resolved "https://registry.yarnpkg.com/asynckit/-/asynckit-0.4.0.tgz#c79ed97f7f34cb8f2ba1bc9790bcc366474b4b79"
  
  buffer-from@^1.0.0:
    version "1.0.0"
    resolved "https://registry.yarnpkg.com/buffer-from/-/buffer-from-1.0.0.tgz#4cb8832d23612589b0406e9e2956c17f06fdf531"
  
  caseless@~0.12.0:
    version "0.12.0"
    resolved "https://registry.yarnpkg.com/caseless/-/caseless-0.12.0.tgz#1b681c21ff84033c826543090689420d187151dc"
  
  combined-stream@1.0.6:
    version "1.0.6"
    resolved "https://registry.yarnpkg.com/combined-stream/-/combined-stream-1.0.6.tgz#723e7df6e801ac5613113a7e445a9b69cb632818"
    dependencies:
      delayed-stream "~1.0.0"
  
  concat-stream@^1.4.6, concat-stream@^1.6.0:
    version "1.6.2"
    resolved "https://registry.yarnpkg.com/concat-stream/-/concat-stream-1.6.2.tgz#904bdf194cd3122fc675c77fc4ac3d4ff0fd1a34"
    dependencies:
      buffer-from "^1.0.0"
      inherits "^2.0.3"
      readable-stream "^2.2.2"
      typedarray "^0.0.6"
  
  core-util-is@~1.0.0:
    version "1.0.2"
    resolved "https://registry.yarnpkg.com/core-util-is/-/core-util-is-1.0.2.tgz#b5fd54220aa2bc5ab57aab7140c940754503c1a7"
  
  delayed-stream@~1.0.0:
    version "1.0.0"
    resolved "https://registry.yarnpkg.com/delayed-stream/-/delayed-stream-1.0.0.tgz#df3ae199acadfb7d440aaae0b29e2272b24ec619"
  
  dom7@^2.0.5:
    version "2.0.5"
    resolved "https://registry.yarnpkg.com/dom7/-/dom7-2.0.5.tgz#d99e1f416cacd627c6d3ed7b90be47c8f3c7b258"
    dependencies:
      ssr-window "^1.0.0"
  
  form-data@^2.2.0:
    version "2.3.2"
    resolved "https://registry.yarnpkg.com/form-data/-/form-data-2.3.2.tgz#4970498be604c20c005d4f5c23aecd21d6b49099"
    dependencies:
      asynckit "^0.4.0"
      combined-stream "1.0.6"
      mime-types "^2.1.12"
  
  fuse.js@^3.2.0:
    version "3.2.0"
    resolved "https://registry.yarnpkg.com/fuse.js/-/fuse.js-3.2.0.tgz#f0448e8069855bf2a3e683cdc1d320e7e2a07ef4"
  
  get-port@^3.1.0:
    version "3.2.0"
    resolved "https://registry.yarnpkg.com/get-port/-/get-port-3.2.0.tgz#dd7ce7de187c06c8bf353796ac71e099f0980ebc"
  
  gitment@0.0.3:
    version "0.0.3"
    resolved "https://registry.yarnpkg.com/gitment/-/gitment-0.0.3.tgz#dbccbad7480b1345b656913bd70eff792a7b38b8"
    dependencies:
      mobx "^3.1.7"
  
  headroom.js@^0.9.4:
    version "0.9.4"
    resolved "https://registry.yarnpkg.com/headroom.js/-/headroom.js-0.9.4.tgz#0c4e6b4563bb69df55aecdefaba3227566f2df5a"
  
  http-basic@^7.0.0:
    version "7.0.0"
    resolved "https://registry.yarnpkg.com/http-basic/-/http-basic-7.0.0.tgz#82f0a506be942732ec8deebee80e746ef5736dba"
    dependencies:
      "@types/concat-stream" "^1.6.0"
      "@types/node" "^9.4.1"
      caseless "~0.12.0"
      concat-stream "^1.4.6"
      http-response-object "^3.0.1"
      parse-cache-control "^1.0.1"
  
  http-response-object@^3.0.1:
    version "3.0.1"
    resolved "https://registry.yarnpkg.com/http-response-object/-/http-response-object-3.0.1.tgz#90174d44c27b5e797cf6efe51a043bc889ae64bf"
    dependencies:
      "@types/node" "^9.3.0"
  
  image-size@^0.6.2:
    version "0.6.2"
    resolved "https://registry.yarnpkg.com/image-size/-/image-size-0.6.2.tgz#8ee316d4298b028b965091b673d5f1537adee5b4"
  
  inherits@^2.0.3, inherits@~2.0.3:
    version "2.0.3"
    resolved "https://registry.yarnpkg.com/inherits/-/inherits-2.0.3.tgz#633c2c83e3da42a502f52466022480f4208261de"
  
  isarray@~1.0.0:
    version "1.0.0"
    resolved "https://registry.yarnpkg.com/isarray/-/isarray-1.0.0.tgz#bb935d48582cba168c06834957a54a3e07124f11"
  
  jquery@>=1.7.0:
    version "3.3.1"
    resolved "https://registry.yarnpkg.com/jquery/-/jquery-3.3.1.tgz#958ce29e81c9790f31be7792df5d4d95fc57fbca"
  
  js-cookie@^2.2.0:
    version "2.2.0"
    resolved "https://registry.yarnpkg.com/js-cookie/-/js-cookie-2.2.0.tgz#1b2c279a6eece380a12168b92485265b35b1effb"
  
  jshashes@^1.0.7:
    version "1.0.7"
    resolved "https://registry.yarnpkg.com/jshashes/-/jshashes-1.0.7.tgz#bed8c97a0e9632fd0513916f55f76dd5486be59f"
  
  lg-zoom@^1.1.0:
    version "1.1.0"
    resolved "https://registry.yarnpkg.com/lg-zoom/-/lg-zoom-1.1.0.tgz#726cdc34748dbd7c1372feedb3017be509e10951"
    dependencies:
      jquery ">=1.7.0"
  
  loadjs@^3.5.4:
    version "3.5.4"
    resolved "https://registry.yarnpkg.com/loadjs/-/loadjs-3.5.4.tgz#ef0f4eb5a6ac2b86c7597a3d4de97b83816e36b8"
  
  mime-db@~1.33.0:
    version "1.33.0"
    resolved "https://registry.yarnpkg.com/mime-db/-/mime-db-1.33.0.tgz#a3492050a5cb9b63450541e39d9788d2272783db"
  
  mime-types@^2.1.12:
    version "2.1.18"
    resolved "https://registry.yarnpkg.com/mime-types/-/mime-types-2.1.18.tgz#6f323f60a83d11146f831ff11fd66e2fe5503bb8"
    dependencies:
      mime-db "~1.33.0"
  
  mobx@^3.1.7:
    version "3.6.2"
    resolved "https://registry.yarnpkg.com/mobx/-/mobx-3.6.2.tgz#fb9f5ff5090539a1ad54e75dc4c098b602693320"
  
  noty@^3.2.0-beta:
    version "3.2.0-beta"
    resolved "https://registry.yarnpkg.com/noty/-/noty-3.2.0-beta.tgz#cd1117277a1b83c9b08dfc78f968c6c5960d3cfa"
  
  parse-cache-control@^1.0.1:
    version "1.0.1"
    resolved "https://registry.yarnpkg.com/parse-cache-control/-/parse-cache-control-1.0.1.tgz#8eeab3e54fa56920fe16ba38f77fa21aacc2d74e"
  
  popper.js@^1.14.2:
    version "1.14.2"
    resolved "https://registry.yarnpkg.com/popper.js/-/popper.js-1.14.2.tgz#066e8e1613e65e69ba050f4b78e7bd4c8d54e443"
  
  process-nextick-args@~2.0.0:
    version "2.0.0"
    resolved "https://registry.yarnpkg.com/process-nextick-args/-/process-nextick-args-2.0.0.tgz#a37d732f4271b4ab1ad070d35508e8290788ffaa"
  
  promise@^8.0.0:
    version "8.0.1"
    resolved "https://registry.yarnpkg.com/promise/-/promise-8.0.1.tgz#e45d68b00a17647b6da711bf85ed6ed47208f450"
    dependencies:
      asap "~2.0.3"
  
  qs@^6.4.0:
    version "6.5.2"
    resolved "https://registry.yarnpkg.com/qs/-/qs-6.5.2.tgz#cb3ae806e8740444584ef154ce8ee98d403f3e36"
  
  readable-stream@^2.2.2:
    version "2.3.6"
    resolved "https://registry.yarnpkg.com/readable-stream/-/readable-stream-2.3.6.tgz#b11c27d88b8ff1fbe070643cf94b0c79ae1b0aaf"
    dependencies:
      core-util-is "~1.0.0"
      inherits "~2.0.3"
      isarray "~1.0.0"
      process-nextick-args "~2.0.0"
      safe-buffer "~5.1.1"
      string_decoder "~1.1.1"
      util-deprecate "~1.0.1"
  
  safe-buffer@~5.1.0, safe-buffer@~5.1.1:
    version "5.1.2"
    resolved "https://registry.yarnpkg.com/safe-buffer/-/safe-buffer-5.1.2.tgz#991ec69d296e0313747d59bdfd2b745c35f8828d"
  
  ssr-window@^1.0.0:
    version "1.0.0"
    resolved "https://registry.yarnpkg.com/ssr-window/-/ssr-window-1.0.0.tgz#8ed1b6beaa0a371ba7e74d6515d584c3f1cf973c"
  
  string_decoder@~1.1.1:
    version "1.1.1"
    resolved "https://registry.yarnpkg.com/string_decoder/-/string_decoder-1.1.1.tgz#9cf1611ba62685d7030ae9e4ba34149c3af03fc8"
    dependencies:
      safe-buffer "~5.1.0"
  
  swiper@^4.2.6:
    version "4.2.6"
    resolved "https://registry.yarnpkg.com/swiper/-/swiper-4.2.6.tgz#9ee50527e3de7a49e2e56a58f8f6fa94a0358bf5"
    dependencies:
      dom7 "^2.0.5"
      ssr-window "^1.0.0"
  
  sync-request@^6.0.0:
    version "6.0.0"
    resolved "https://registry.yarnpkg.com/sync-request/-/sync-request-6.0.0.tgz#db867eccc4ed31bbcb9fa3732393a3413da582ed"
    dependencies:
      http-response-object "^3.0.1"
      sync-rpc "^1.2.1"
      then-request "^6.0.0"
  
  sync-rpc@^1.2.1:
    version "1.3.4"
    resolved "https://registry.yarnpkg.com/sync-rpc/-/sync-rpc-1.3.4.tgz#24bcbdb2ffcb98f23690c15b304660085cdd206c"
    dependencies:
      get-port "^3.1.0"
  
  then-request@^6.0.0:
    version "6.0.0"
    resolved "https://registry.yarnpkg.com/then-request/-/then-request-6.0.0.tgz#2cab198e48f2d8e79c8c1ed260198368a4a0bcba"
    dependencies:
      "@types/concat-stream" "^1.6.0"
      "@types/form-data" "0.0.33"
      "@types/node" "^8.0.0"
      "@types/qs" "^6.2.31"
      caseless "~0.12.0"
      concat-stream "^1.6.0"
      form-data "^2.2.0"
      http-basic "^7.0.0"
      http-response-object "^3.0.1"
      promise "^8.0.0"
      qs "^6.4.0"
  
  tippy.js@^2.5.0:
    version "2.5.0"
    resolved "https://registry.yarnpkg.com/tippy.js/-/tippy.js-2.5.0.tgz#393826b42aa1750268e0d2a4d6f047abe4c96d50"
    dependencies:
      popper.js "^1.14.2"
  
  typedarray@^0.0.6:
    version "0.0.6"
    resolved "https://registry.yarnpkg.com/typedarray/-/typedarray-0.0.6.tgz#867ac74e3864187b1d3d47d996a78ec5c8830777"
  
  util-deprecate@~1.0.1:
    version "1.0.2"
    resolved "https://registry.yarnpkg.com/util-deprecate/-/util-deprecate-1.0.2.tgz#450d4dc9fa70de732762fbd2d4a28981419a0ccf"

Trace: 
  Error: EPERM: operation not permitted, mkdir 'C:\Users\tqshe\Projects\hexo\cutie\node_modules\.bin'
